Command line:
   B_signex_isim_beh.exe
     -simmode  gui
     -simrunnum  0
     -socket  40163

Thu Nov 22 12:14:29 2018


 Elaboration Time: 0.01 sec

 Current Memory Usage: 197.046 Meg

 Total Signals          : 4
 Total Nets             : 48
 Total Signal Drivers   : 2
 Total Blocks           : 3
 Total Primitive Blocks : 2
 Total Processes        : 2
 Total Traceable Variables  : 8
 Total Scalar Nets and Variables : 408
Total Line Count : 8

 Total Simulation Time: 0.02 sec

 Current Memory Usage: 272.548 Meg

Thu Nov 22 12:51:14 2018

